# JRE version: OpenJDK Runtime Environment (8.0_191-b12) (build 1.8.0_191-8u191-b12-2ubuntu0.16.04.1-b12)
# Java VM: OpenJDK 64-Bit Server VM (25.191-b12 mixed mode linux-amd64 compressed oops)
Heap:
 def new generation   total 154944K, used 7444K [0x00000000c0000000, 0x00000000ca820000, 0x00000000d5550000)
  eden space 137728K,   5% used [0x00000000c0000000, 0x00000000c07451f8, 0x00000000c8680000)
  from space 17216K,   0% used [0x00000000c9750000, 0x00000000c9750000, 0x00000000ca820000)
  to   space 17216K,   0% used [0x00000000c8680000, 0x00000000c8680000, 0x00000000c9750000)
 tenured generation   total 346116K, used 346093K [0x00000000d5550000, 0x00000000ea751000, 0x0000000100000000)
   the space 346116K,  99% used [0x00000000d5550000, 0x00000000ea74b688, 0x00000000ea74b800, 0x00000000ea751000)
 Metaspace       used 93382K, capacity 103206K, committed 103296K, reserved 1138688K
  class space    used 12687K, capacity 13643K, committed 13696K, reserved 1048576K
GC Heap History (10 events):
Event: 120.505 GC heap after
Heap after GC invocations=524 (full 18):
 def new generation   total 154944K, used 6943K [0x00000000c0000000, 0x00000000ca820000, 0x00000000d5550000)
  eden space 137728K,   0% used [0x00000000c0000000, 0x00000000c0000000, 0x00000000c8680000)
  from space 17216K,  40% used [0x00000000c8680000, 0x00000000c8d47f90, 0x00000000c9750000)
  to   space 17216K,   0% used [0x00000000c9750000, 0x00000000c9750000, 0x00000000ca820000)
 tenured generation   total 344172K, used 339129K [0x00000000d5550000, 0x00000000ea56b000, 0x0000000100000000)
   the space 344172K,  98% used [0x00000000d5550000, 0x00000000ea07e4f8, 0x00000000ea07e600, 0x00000000ea56b000)
 Metaspace       used 93382K, capacity 103206K, committed 103296K, reserved 1138688K
  class space    used 12687K, capacity 13643K, committed 13696K, reserved 1048576K
}
Event: 120.835 GC heap before
{Heap before GC invocations=524 (full 18):
 def new generation   total 154944K, used 144671K [0x00000000c0000000, 0x00000000ca820000, 0x00000000d5550000)
  eden space 137728K, 100% used [0x00000000c0000000, 0x00000000c8680000, 0x00000000c8680000)
  from space 17216K,  40% used [0x00000000c8680000, 0x00000000c8d47f90, 0x00000000c9750000)
  to   space 17216K,   0% used [0x00000000c9750000, 0x00000000c9750000, 0x00000000ca820000)
 tenured generation   total 344172K, used 339129K [0x00000000d5550000, 0x00000000ea56b000, 0x0000000100000000)
   the space 344172K,  98% used [0x00000000d5550000, 0x00000000ea07e4f8, 0x00000000ea07e600, 0x00000000ea56b000)
 Metaspace       used 93382K, capacity 103206K, committed 103296K, reserved 1138688K
  class space    used 12687K, capacity 13643K, committed 13696K, reserved 1048576K
Event: 120.843 GC heap after
Heap after GC invocations=525 (full 18):
 def new generation   total 154944K, used 6577K [0x00000000c0000000, 0x00000000ca820000, 0x00000000d5550000)
  eden space 137728K,   0% used [0x00000000c0000000, 0x00000000c0000000, 0x00000000c8680000)
  from space 17216K,  38% used [0x00000000c9750000, 0x00000000c9dbc7c0, 0x00000000ca820000)
  to   space 17216K,   0% used [0x00000000c8680000, 0x00000000c8680000, 0x00000000c9750000)
 tenured generation   total 344172K, used 339129K [0x00000000d5550000, 0x00000000ea56b000, 0x0000000100000000)
   the space 344172K,  98% used [0x00000000d5550000, 0x00000000ea07e4f8, 0x00000000ea07e600, 0x00000000ea56b000)
 Metaspace       used 93382K, capacity 103206K, committed 103296K, reserved 1138688K
  class space    used 12687K, capacity 13643K, committed 13696K, reserved 1048576K
}
Event: 121.231 GC heap before
{Heap before GC invocations=525 (full 18):
 def new generation   total 154944K, used 144305K [0x00000000c0000000, 0x00000000ca820000, 0x00000000d5550000)
  eden space 137728K, 100% used [0x00000000c0000000, 0x00000000c8680000, 0x00000000c8680000)
  from space 17216K,  38% used [0x00000000c9750000, 0x00000000c9dbc7c0, 0x00000000ca820000)
  to   space 17216K,   0% used [0x00000000c8680000, 0x00000000c8680000, 0x00000000c9750000)
 tenured generation   total 344172K, used 339129K [0x00000000d5550000, 0x00000000ea56b000, 0x0000000100000000)
   the space 344172K,  98% used [0x00000000d5550000, 0x00000000ea07e4f8, 0x00000000ea07e600, 0x00000000ea56b000)
 Metaspace       used 93382K, capacity 103206K, committed 103296K, reserved 1138688K
  class space    used 12687K, capacity 13643K, committed 13696K, reserved 1048576K
Event: 121.253 GC heap after
Heap after GC invocations=526 (full 18):
 def new generation   total 154944K, used 11179K [0x00000000c0000000, 0x00000000ca820000, 0x00000000d5550000)
  eden space 137728K,   0% used [0x00000000c0000000, 0x00000000c0000000, 0x00000000c8680000)
  from space 17216K,  64% used [0x00000000c8680000, 0x00000000c916adc0, 0x00000000c9750000)
  to   space 17216K,   0% used [0x00000000c9750000, 0x00000000c9750000, 0x00000000ca820000)
 tenured generation   total 344172K, used 339129K [0x00000000d5550000, 0x00000000ea56b000, 0x0000000100000000)
   the space 344172K,  98% used [0x00000000d5550000, 0x00000000ea07e4f8, 0x00000000ea07e600, 0x00000000ea56b000)
 Metaspace       used 93382K, capacity 103206K, committed 103296K, reserved 1138688K
  class space    used 12687K, capacity 13643K, committed 13696K, reserved 1048576K
}
Event: 121.601 GC heap before
{Heap before GC invocations=526 (full 18):
 def new generation   total 154944K, used 148907K [0x00000000c0000000, 0x00000000ca820000, 0x00000000d5550000)
  eden space 137728K, 100% used [0x00000000c0000000, 0x00000000c8680000, 0x00000000c8680000)
  from space 17216K,  64% used [0x00000000c8680000, 0x00000000c916adc0, 0x00000000c9750000)
  to   space 17216K,   0% used [0x00000000c9750000, 0x00000000c9750000, 0x00000000ca820000)
 tenured generation   total 344172K, used 339129K [0x00000000d5550000, 0x00000000ea56b000, 0x0000000100000000)
   the space 344172K,  98% used [0x00000000d5550000, 0x00000000ea07e4f8, 0x00000000ea07e600, 0x00000000ea56b000)
 Metaspace       used 93382K, capacity 103206K, committed 103296K, reserved 1138688K
  class space    used 12687K, capacity 13643K, committed 13696K, reserved 1048576K
Event: 121.626 GC heap after
Heap after GC invocations=527 (full 18):
 def new generation   total 154944K, used 7841K [0x00000000c0000000, 0x00000000ca820000, 0x00000000d5550000)
  eden space 137728K,   0% used [0x00000000c0000000, 0x00000000c0000000, 0x00000000c8680000)
  from space 17216K,  45% used [0x00000000c9750000, 0x00000000c9ef8490, 0x00000000ca820000)
  to   space 17216K,   0% used [0x00000000c8680000, 0x00000000c8680000, 0x00000000c9750000)
 tenured generation   total 344172K, used 341723K [0x00000000d5550000, 0x00000000ea56b000, 0x0000000100000000)
   the space 344172K,  99% used [0x00000000d5550000, 0x00000000ea306d00, 0x00000000ea306e00, 0x00000000ea56b000)
 Metaspace       used 93382K, capacity 103206K, committed 103296K, reserved 1138688K
  class space    used 12687K, capacity 13643K, committed 13696K, reserved 1048576K
}
Event: 121.978 GC heap before
{Heap before GC invocations=527 (full 18):
 def new generation   total 154944K, used 145569K [0x00000000c0000000, 0x00000000ca820000, 0x00000000d5550000)
  eden space 137728K, 100% used [0x00000000c0000000, 0x00000000c8680000, 0x00000000c8680000)
  from space 17216K,  45% used [0x00000000c9750000, 0x00000000c9ef8490, 0x00000000ca820000)
  to   space 17216K,   0% used [0x00000000c8680000, 0x00000000c8680000, 0x00000000c9750000)
 tenured generation   total 344172K, used 341723K [0x00000000d5550000, 0x00000000ea56b000, 0x0000000100000000)
   the space 344172K,  99% used [0x00000000d5550000, 0x00000000ea306d00, 0x00000000ea306e00, 0x00000000ea56b000)
 Metaspace       used 93382K, capacity 103206K, committed 103296K, reserved 1138688K
  class space    used 12687K, capacity 13643K, committed 13696K, reserved 1048576K
Event: 122.002 GC heap after
Heap after GC invocations=528 (full 18):
 def new generation   total 154944K, used 11492K [0x00000000c0000000, 0x00000000ca820000, 0x00000000d5550000)
  eden space 137728K,   0% used [0x00000000c0000000, 0x00000000c0000000, 0x00000000c8680000)
  from space 17216K,  66% used [0x00000000c8680000, 0x00000000c91b93f8, 0x00000000c9750000)
  to   space 17216K,   0% used [0x00000000c9750000, 0x00000000c9750000, 0x00000000ca820000)
 tenured generation   total 344172K, used 341723K [0x00000000d5550000, 0x00000000ea56b000, 0x0000000100000000)
   the space 344172K,  99% used [0x00000000d5550000, 0x00000000ea306d00, 0x00000000ea306e00, 0x00000000ea56b000)
 Metaspace       used 93382K, capacity 103206K, committed 103296K, reserved 1138688K
  class space    used 12687K, capacity 13643K, committed 13696K, reserved 1048576K
}
Event: 122.340 GC heap before
{Heap before GC invocations=528 (full 18):
 def new generation   total 154944K, used 149220K [0x00000000c0000000, 0x00000000ca820000, 0x00000000d5550000)
  eden space 137728K, 100% used [0x00000000c0000000, 0x00000000c8680000, 0x00000000c8680000)
  from space 17216K,  66% used [0x00000000c8680000, 0x00000000c91b93f8, 0x00000000c9750000)
  to   space 17216K,   0% used [0x00000000c9750000, 0x00000000c9750000, 0x00000000ca820000)
 tenured generation   total 344172K, used 341723K [0x00000000d5550000, 0x00000000ea56b000, 0x0000000100000000)
   the space 344172K,  99% used [0x00000000d5550000, 0x00000000ea306d00, 0x00000000ea306e00, 0x00000000ea56b000)
 Metaspace       used 93382K, capacity 103206K, committed 103296K, reserved 1138688K
  class space    used 12687K, capacity 13643K, committed 13696K, reserved 1048576K

