# JRE version: OpenJDK Runtime Environment (8.0_191-b12) (build 1.8.0_191-8u191-b12-2ubuntu0.16.04.1-b12)
# Java VM: OpenJDK 64-Bit Server VM (25.191-b12 mixed mode linux-amd64 compressed oops)
Heap:
 def new generation   total 209664K, used 0K [0x00000000c0000000, 0x00000000ce380000, 0x00000000d5550000)
  eden space 186368K,   0% used [0x00000000c0000000, 0x00000000c0000000, 0x00000000cb600000)
  from space 23296K,   0% used [0x00000000cb600000, 0x00000000cb600000, 0x00000000cccc0000)
  to   space 23296K,   0% used [0x00000000cccc0000, 0x00000000cccc0000, 0x00000000ce380000)
 tenured generation   total 535708K, used 419977K [0x00000000d5550000, 0x00000000f6077000, 0x0000000100000000)
   the space 535708K,  78% used [0x00000000d5550000, 0x00000000eef72648, 0x00000000eef72800, 0x00000000f6077000)
 Metaspace       used 91562K, capacity 100716K, committed 100864K, reserved 1136640K
  class space    used 12398K, capacity 13293K, committed 13312K, reserved 1048576K
GC Heap History (10 events):
Event: 124.872 GC heap after
Heap after GC invocations=327 (full 18):
 def new generation   total 141696K, used 0K [0x00000000c0000000, 0x00000000c99b0000, 0x00000000d5550000)
  eden space 126016K,   0% used [0x00000000c0000000, 0x00000000c0000000, 0x00000000c7b10000)
  from space 15680K,   0% used [0x00000000c7b10000, 0x00000000c7b10000, 0x00000000c8a60000)
  to   space 15680K,   0% used [0x00000000c8a60000, 0x00000000c8a60000, 0x00000000c99b0000)
 tenured generation   total 314660K, used 188795K [0x00000000d5550000, 0x00000000e8899000, 0x0000000100000000)
   the space 314660K,  59% used [0x00000000d5550000, 0x00000000e0daecc0, 0x00000000e0daee00, 0x00000000e8899000)
 Metaspace       used 91551K, capacity 100710K, committed 100864K, reserved 1136640K
  class space    used 12398K, capacity 13292K, committed 13312K, reserved 1048576K
}
Event: 125.877 GC heap before
{Heap before GC invocations=327 (full 18):
 def new generation   total 141696K, used 111434K [0x00000000c0000000, 0x00000000c99b0000, 0x00000000d5550000)
  eden space 126016K,  88% used [0x00000000c0000000, 0x00000000c6cd2b00, 0x00000000c7b10000)
  from space 15680K,   0% used [0x00000000c7b10000, 0x00000000c7b10000, 0x00000000c8a60000)
  to   space 15680K,   0% used [0x00000000c8a60000, 0x00000000c8a60000, 0x00000000c99b0000)
 tenured generation   total 454904K, used 329035K [0x00000000d5550000, 0x00000000f118e000, 0x0000000100000000)
   the space 454904K,  72% used [0x00000000d5550000, 0x00000000e96a2cd0, 0x00000000e96a2e00, 0x00000000f118e000)
 Metaspace       used 91559K, capacity 100716K, committed 100864K, reserved 1136640K
  class space    used 12398K, capacity 13293K, committed 13312K, reserved 1048576K
Event: 126.190 GC heap after
Heap after GC invocations=328 (full 18):
 def new generation   total 141696K, used 10038K [0x00000000c0000000, 0x00000000c99b0000, 0x00000000d5550000)
  eden space 126016K,   0% used [0x00000000c0000000, 0x00000000c0000000, 0x00000000c7b10000)
  from space 15680K,  64% used [0x00000000c8a60000, 0x00000000c942d970, 0x00000000c99b0000)
  to   space 15680K,   0% used [0x00000000c7b10000, 0x00000000c7b10000, 0x00000000c8a60000)
 tenured generation   total 454904K, used 411887K [0x00000000d5550000, 0x00000000f118e000, 0x0000000100000000)
   the space 454904K,  90% used [0x00000000d5550000, 0x00000000ee78bf38, 0x00000000ee78c000, 0x00000000f118e000)
 Metaspace       used 91559K, capacity 100716K, committed 100864K, reserved 1136640K
  class space    used 12398K, capacity 13293K, committed 13312K, reserved 1048576K
}
Event: 126.225 GC heap before
{Heap before GC invocations=328 (full 18):
 def new generation   total 141696K, used 71302K [0x00000000c0000000, 0x00000000c99b0000, 0x00000000d5550000)
  eden space 126016K,  48% used [0x00000000c0000000, 0x00000000c3bd4078, 0x00000000c7b10000)
  from space 15680K,  64% used [0x00000000c8a60000, 0x00000000c942d970, 0x00000000c99b0000)
  to   space 15680K,   0% used [0x00000000c7b10000, 0x00000000c7b10000, 0x00000000c8a60000)
 tenured generation   total 454904K, used 411887K [0x00000000d5550000, 0x00000000f118e000, 0x0000000100000000)
   the space 454904K,  90% used [0x00000000d5550000, 0x00000000ee78bf38, 0x00000000ee78c000, 0x00000000f118e000)
 Metaspace       used 91561K, capacity 100716K, committed 100864K, reserved 1136640K
  class space    used 12398K, capacity 13293K, committed 13312K, reserved 1048576K
Event: 126.358 GC heap after
Heap after GC invocations=329 (full 18):
 def new generation   total 141696K, used 0K [0x00000000c0000000, 0x00000000c99b0000, 0x00000000d5550000)
  eden space 126016K,   0% used [0x00000000c0000000, 0x00000000c0000000, 0x00000000c7b10000)
  from space 15680K,   0% used [0x00000000c7b10000, 0x00000000c7b10188, 0x00000000c8a60000)
  to   space 15680K,   0% used [0x00000000c8a60000, 0x00000000c8a60000, 0x00000000c99b0000)
 tenured generation   total 454904K, used 451301K [0x00000000d5550000, 0x00000000f118e000, 0x0000000100000000)
   the space 454904K,  99% used [0x00000000d5550000, 0x00000000f0e097e0, 0x00000000f0e09800, 0x00000000f118e000)
 Metaspace       used 91561K, capacity 100716K, committed 100864K, reserved 1136640K
  class space    used 12398K, capacity 13293K, committed 13312K, reserved 1048576K
}
Event: 126.398 GC heap before
{Heap before GC invocations=329 (full 18):
 def new generation   total 141696K, used 78342K [0x00000000c0000000, 0x00000000c99b0000, 0x00000000d5550000)
  eden space 126016K,  62% used [0x00000000c0000000, 0x00000000c4c818d0, 0x00000000c7b10000)
  from space 15680K,   0% used [0x00000000c7b10000, 0x00000000c7b10188, 0x00000000c8a60000)
  to   space 15680K,   0% used [0x00000000c8a60000, 0x00000000c8a60000, 0x00000000c99b0000)
 tenured generation   total 454904K, used 451301K [0x00000000d5550000, 0x00000000f118e000, 0x0000000100000000)
   the space 454904K,  99% used [0x00000000d5550000, 0x00000000f0e097e0, 0x00000000f0e09800, 0x00000000f118e000)
 Metaspace       used 91561K, capacity 100716K, committed 100864K, reserved 1136640K
  class space    used 12398K, capacity 13293K, committed 13312K, reserved 1048576K
Event: 126.950 GC heap after
Heap after GC invocations=330 (full 19):
 def new generation   total 209664K, used 0K [0x00000000c0000000, 0x00000000ce380000, 0x00000000d5550000)
  eden space 186368K,   0% used [0x00000000c0000000, 0x00000000c0000000, 0x00000000cb600000)
  from space 23296K,   0% used [0x00000000cb600000, 0x00000000cb600000, 0x00000000cccc0000)
  to   space 23296K,   0% used [0x00000000cccc0000, 0x00000000cccc0000, 0x00000000ce380000)
 tenured generation   total 465752K, used 279450K [0x00000000d5550000, 0x00000000f1c26000, 0x0000000100000000)
   the space 465752K,  59% used [0x00000000d5550000, 0x00000000e6636b40, 0x00000000e6636c00, 0x00000000f1c26000)
 Metaspace       used 91561K, capacity 100716K, committed 100864K, reserved 1136640K
  class space    used 12398K, capacity 13293K, committed 13312K, reserved 1048576K
}
Event: 127.057 GC heap before
{Heap before GC invocations=330 (full 19):
 def new generation   total 209664K, used 175798K [0x00000000c0000000, 0x00000000ce380000, 0x00000000d5550000)
  eden space 186368K,  94% used [0x00000000c0000000, 0x00000000cabad9b8, 0x00000000cb600000)
  from space 23296K,   0% used [0x00000000cb600000, 0x00000000cb600000, 0x00000000cccc0000)
  to   space 23296K,   0% used [0x00000000cccc0000, 0x00000000cccc0000, 0x00000000ce380000)
 tenured generation   total 465752K, used 279450K [0x00000000d5550000, 0x00000000f1c26000, 0x0000000100000000)
   the space 465752K,  59% used [0x00000000d5550000, 0x00000000e6636b40, 0x00000000e6636c00, 0x00000000f1c26000)
 Metaspace       used 91562K, capacity 100716K, committed 100864K, reserved 1136640K
  class space    used 12398K, capacity 13293K, committed 13312K, reserved 1048576K
Event: 127.166 GC heap after
Heap after GC invocations=331 (full 19):
 def new generation   total 209664K, used 8746K [0x00000000c0000000, 0x00000000ce380000, 0x00000000d5550000)
  eden space 186368K,   0% used [0x00000000c0000000, 0x00000000c0000000, 0x00000000cb600000)
  from space 23296K,  37% used [0x00000000cccc0000, 0x00000000cd54ab88, 0x00000000ce380000)
  to   space 23296K,   0% used [0x00000000cb600000, 0x00000000cb600000, 0x00000000cccc0000)
 tenured generation   total 465752K, used 436122K [0x00000000d5550000, 0x00000000f1c26000, 0x0000000100000000)
   the space 465752K,  93% used [0x00000000d5550000, 0x00000000eff36b50, 0x00000000eff36c00, 0x00000000f1c26000)
 Metaspace       used 91562K, capacity 100716K, committed 100864K, reserved 1136640K
  class space    used 12398K, capacity 13293K, committed 13312K, reserved 1048576K
}
Event: 127.224 GC heap before
{Heap before GC invocations=331 (full 19):
 def new generation   total 209664K, used 134854K [0x00000000c0000000, 0x00000000ce380000, 0x00000000d5550000)
  eden space 186368K,  67% used [0x00000000c0000000, 0x00000000c7b26cb0, 0x00000000cb600000)
  from space 23296K,  37% used [0x00000000cccc0000, 0x00000000cd54ab88, 0x00000000ce380000)
  to   space 23296K,   0% used [0x00000000cb600000, 0x00000000cb600000, 0x00000000cccc0000)
 tenured generation   total 465752K, used 436122K [0x00000000d5550000, 0x00000000f1c26000, 0x0000000100000000)
   the space 465752K,  93% used [0x00000000d5550000, 0x00000000eff36b50, 0x00000000eff36c00, 0x00000000f1c26000)
 Metaspace       used 91562K, capacity 100716K, committed 100864K, reserved 1136640K
  class space    used 12398K, capacity 13293K, committed 13312K, reserved 1048576K

