# JRE version: OpenJDK Runtime Environment (8.0_191-b12) (build 1.8.0_191-8u191-b12-2ubuntu0.16.04.1-b12)
# Java VM: OpenJDK 64-Bit Server VM (25.191-b12 mixed mode linux-amd64 compressed oops)
Heap:
 def new generation   total 185920K, used 9910K [0x00000000c0000000, 0x00000000cc9b0000, 0x00000000d5550000)
  eden space 165312K,   5% used [0x00000000c0000000, 0x00000000c09ad928, 0x00000000ca170000)
  from space 20608K,   0% used [0x00000000cb590000, 0x00000000cb590000, 0x00000000cc9b0000)
  to   space 20608K,   0% used [0x00000000ca170000, 0x00000000ca170000, 0x00000000cb590000)
 tenured generation   total 413156K, used 413155K [0x00000000d5550000, 0x00000000ee8c9000, 0x0000000100000000)
   the space 413156K,  99% used [0x00000000d5550000, 0x00000000ee8c8ff8, 0x00000000ee8c9000, 0x00000000ee8c9000)
 Metaspace       used 92784K, capacity 102468K, committed 102656K, reserved 1138688K
  class space    used 12630K, capacity 13548K, committed 13568K, reserved 1048576K
GC Heap History (10 events):
Event: 247.457 GC heap after
Heap after GC invocations=530 (full 18):
 def new generation   total 185920K, used 10570K [0x00000000c0000000, 0x00000000cc9b0000, 0x00000000d5550000)
  eden space 165312K,   0% used [0x00000000c0000000, 0x00000000c0000000, 0x00000000ca170000)
  from space 20608K,  51% used [0x00000000ca170000, 0x00000000cabc29e0, 0x00000000cb590000)
  to   space 20608K,   0% used [0x00000000cb590000, 0x00000000cb590000, 0x00000000cc9b0000)
 tenured generation   total 412964K, used 403315K [0x00000000d5550000, 0x00000000ee899000, 0x0000000100000000)
   the space 412964K,  97% used [0x00000000d5550000, 0x00000000edf2ce98, 0x00000000edf2d000, 0x00000000ee899000)
 Metaspace       used 92779K, capacity 102468K, committed 102656K, reserved 1138688K
  class space    used 12630K, capacity 13548K, committed 13568K, reserved 1048576K
}
Event: 248.302 GC heap before
{Heap before GC invocations=530 (full 18):
 def new generation   total 185920K, used 175882K [0x00000000c0000000, 0x00000000cc9b0000, 0x00000000d5550000)
  eden space 165312K, 100% used [0x00000000c0000000, 0x00000000ca170000, 0x00000000ca170000)
  from space 20608K,  51% used [0x00000000ca170000, 0x00000000cabc29e0, 0x00000000cb590000)
  to   space 20608K,   0% used [0x00000000cb590000, 0x00000000cb590000, 0x00000000cc9b0000)
 tenured generation   total 412964K, used 403315K [0x00000000d5550000, 0x00000000ee899000, 0x0000000100000000)
   the space 412964K,  97% used [0x00000000d5550000, 0x00000000edf2ce98, 0x00000000edf2d000, 0x00000000ee899000)
 Metaspace       used 92779K, capacity 102468K, committed 102656K, reserved 1138688K
  class space    used 12630K, capacity 13548K, committed 13568K, reserved 1048576K
Event: 248.356 GC heap after
Heap after GC invocations=531 (full 18):
 def new generation   total 185920K, used 10634K [0x00000000c0000000, 0x00000000cc9b0000, 0x00000000d5550000)
  eden space 165312K,   0% used [0x00000000c0000000, 0x00000000c0000000, 0x00000000ca170000)
  from space 20608K,  51% used [0x00000000cb590000, 0x00000000cbff2af8, 0x00000000cc9b0000)
  to   space 20608K,   0% used [0x00000000ca170000, 0x00000000ca170000, 0x00000000cb590000)
 tenured generation   total 412964K, used 405090K [0x00000000d5550000, 0x00000000ee899000, 0x0000000100000000)
   the space 412964K,  98% used [0x00000000d5550000, 0x00000000ee0e8a60, 0x00000000ee0e8c00, 0x00000000ee899000)
 Metaspace       used 92779K, capacity 102468K, committed 102656K, reserved 1138688K
  class space    used 12630K, capacity 13548K, committed 13568K, reserved 1048576K
}
Event: 249.184 GC heap before
{Heap before GC invocations=531 (full 18):
 def new generation   total 185920K, used 175946K [0x00000000c0000000, 0x00000000cc9b0000, 0x00000000d5550000)
  eden space 165312K, 100% used [0x00000000c0000000, 0x00000000ca170000, 0x00000000ca170000)
  from space 20608K,  51% used [0x00000000cb590000, 0x00000000cbff2af8, 0x00000000cc9b0000)
  to   space 20608K,   0% used [0x00000000ca170000, 0x00000000ca170000, 0x00000000cb590000)
 tenured generation   total 412964K, used 405090K [0x00000000d5550000, 0x00000000ee899000, 0x0000000100000000)
   the space 412964K,  98% used [0x00000000d5550000, 0x00000000ee0e8a60, 0x00000000ee0e8c00, 0x00000000ee899000)
 Metaspace       used 92779K, capacity 102468K, committed 102656K, reserved 1138688K
  class space    used 12630K, capacity 13548K, committed 13568K, reserved 1048576K
Event: 249.227 GC heap after
Heap after GC invocations=532 (full 18):
 def new generation   total 185920K, used 10083K [0x00000000c0000000, 0x00000000cc9b0000, 0x00000000d5550000)
  eden space 165312K,   0% used [0x00000000c0000000, 0x00000000c0000000, 0x00000000ca170000)
  from space 20608K,  48% used [0x00000000ca170000, 0x00000000cab48c90, 0x00000000cb590000)
  to   space 20608K,   0% used [0x00000000cb590000, 0x00000000cb590000, 0x00000000cc9b0000)
 tenured generation   total 412964K, used 406974K [0x00000000d5550000, 0x00000000ee899000, 0x0000000100000000)
   the space 412964K,  98% used [0x00000000d5550000, 0x00000000ee2bfa08, 0x00000000ee2bfc00, 0x00000000ee899000)
 Metaspace       used 92779K, capacity 102468K, committed 102656K, reserved 1138688K
  class space    used 12630K, capacity 13548K, committed 13568K, reserved 1048576K
}
Event: 250.080 GC heap before
{Heap before GC invocations=532 (full 18):
 def new generation   total 185920K, used 175395K [0x00000000c0000000, 0x00000000cc9b0000, 0x00000000d5550000)
  eden space 165312K, 100% used [0x00000000c0000000, 0x00000000ca170000, 0x00000000ca170000)
  from space 20608K,  48% used [0x00000000ca170000, 0x00000000cab48c90, 0x00000000cb590000)
  to   space 20608K,   0% used [0x00000000cb590000, 0x00000000cb590000, 0x00000000cc9b0000)
 tenured generation   total 412964K, used 406974K [0x00000000d5550000, 0x00000000ee899000, 0x0000000100000000)
   the space 412964K,  98% used [0x00000000d5550000, 0x00000000ee2bfa08, 0x00000000ee2bfc00, 0x00000000ee899000)
 Metaspace       used 92779K, capacity 102468K, committed 102656K, reserved 1138688K
  class space    used 12630K, capacity 13548K, committed 13568K, reserved 1048576K
Event: 250.122 GC heap after
Heap after GC invocations=533 (full 18):
 def new generation   total 185920K, used 12483K [0x00000000c0000000, 0x00000000cc9b0000, 0x00000000d5550000)
  eden space 165312K,   0% used [0x00000000c0000000, 0x00000000c0000000, 0x00000000ca170000)
  from space 20608K,  60% used [0x00000000cb590000, 0x00000000cc1c0db0, 0x00000000cc9b0000)
  to   space 20608K,   0% used [0x00000000ca170000, 0x00000000ca170000, 0x00000000cb590000)
 tenured generation   total 412964K, used 406974K [0x00000000d5550000, 0x00000000ee899000, 0x0000000100000000)
   the space 412964K,  98% used [0x00000000d5550000, 0x00000000ee2bfa08, 0x00000000ee2bfc00, 0x00000000ee899000)
 Metaspace       used 92779K, capacity 102468K, committed 102656K, reserved 1138688K
  class space    used 12630K, capacity 13548K, committed 13568K, reserved 1048576K
}
Event: 251.000 GC heap before
{Heap before GC invocations=533 (full 18):
 def new generation   total 185920K, used 177795K [0x00000000c0000000, 0x00000000cc9b0000, 0x00000000d5550000)
  eden space 165312K, 100% used [0x00000000c0000000, 0x00000000ca170000, 0x00000000ca170000)
  from space 20608K,  60% used [0x00000000cb590000, 0x00000000cc1c0db0, 0x00000000cc9b0000)
  to   space 20608K,   0% used [0x00000000ca170000, 0x00000000ca170000, 0x00000000cb590000)
 tenured generation   total 412964K, used 406974K [0x00000000d5550000, 0x00000000ee899000, 0x0000000100000000)
   the space 412964K,  98% used [0x00000000d5550000, 0x00000000ee2bfa08, 0x00000000ee2bfc00, 0x00000000ee899000)
 Metaspace       used 92779K, capacity 102468K, committed 102656K, reserved 1138688K
  class space    used 12630K, capacity 13548K, committed 13568K, reserved 1048576K
Event: 251.065 GC heap after
Heap after GC invocations=534 (full 18):
 def new generation   total 185920K, used 10362K [0x00000000c0000000, 0x00000000cc9b0000, 0x00000000d5550000)
  eden space 165312K,   0% used [0x00000000c0000000, 0x00000000c0000000, 0x00000000ca170000)
  from space 20608K,  50% used [0x00000000ca170000, 0x00000000cab8e968, 0x00000000cb590000)
  to   space 20608K,   0% used [0x00000000cb590000, 0x00000000cb590000, 0x00000000cc9b0000)
 tenured generation   total 412964K, used 410873K [0x00000000d5550000, 0x00000000ee899000, 0x0000000100000000)
   the space 412964K,  99% used [0x00000000d5550000, 0x00000000ee68e770, 0x00000000ee68e800, 0x00000000ee899000)
 Metaspace       used 92779K, capacity 102468K, committed 102656K, reserved 1138688K
  class space    used 12630K, capacity 13548K, committed 13568K, reserved 1048576K
}
Event: 251.934 GC heap before
{Heap before GC invocations=534 (full 18):
 def new generation   total 185920K, used 175674K [0x00000000c0000000, 0x00000000cc9b0000, 0x00000000d5550000)
  eden space 165312K, 100% used [0x00000000c0000000, 0x00000000ca170000, 0x00000000ca170000)
  from space 20608K,  50% used [0x00000000ca170000, 0x00000000cab8e968, 0x00000000cb590000)
  to   space 20608K,   0% used [0x00000000cb590000, 0x00000000cb590000, 0x00000000cc9b0000)
 tenured generation   total 412964K, used 410873K [0x00000000d5550000, 0x00000000ee899000, 0x0000000100000000)
   the space 412964K,  99% used [0x00000000d5550000, 0x00000000ee68e770, 0x00000000ee68e800, 0x00000000ee899000)
 Metaspace       used 92784K, capacity 102468K, committed 102656K, reserved 1138688K
  class space    used 12630K, capacity 13548K, committed 13568K, reserved 1048576K

