# JRE version: OpenJDK Runtime Environment (8.0_191-b12) (build 1.8.0_191-8u191-b12-2ubuntu0.16.04.1-b12)
# Java VM: OpenJDK 64-Bit Server VM (25.191-b12 mixed mode linux-amd64 compressed oops)
Heap:
 def new generation   total 221952K, used 0K [0x00000000c0000000, 0x00000000cf0d0000, 0x00000000d5550000)
  eden space 197312K,   0% used [0x00000000c0000000, 0x00000000c0000000, 0x00000000cc0b0000)
  from space 24640K,   0% used [0x00000000cd8c0000, 0x00000000cd8c0000, 0x00000000cf0d0000)
  to   space 24640K,   0% used [0x00000000cc0b0000, 0x00000000cc0b0000, 0x00000000cd8c0000)
 tenured generation   total 497180K, used 407730K [0x00000000d5550000, 0x00000000f3ad7000, 0x0000000100000000)
   the space 497180K,  82% used [0x00000000d5550000, 0x00000000ee37ca98, 0x00000000ee37cc00, 0x00000000f3ad7000)
 Metaspace       used 93220K, capacity 102994K, committed 103296K, reserved 1138688K
  class space    used 12671K, capacity 13599K, committed 13696K, reserved 1048576K
GC Heap History (10 events):
Event: 158.295 GC heap after
Heap after GC invocations=563 (full 18):
 def new generation   total 221952K, used 6749K [0x00000000c0000000, 0x00000000cf0d0000, 0x00000000d5550000)
  eden space 197312K,   0% used [0x00000000c0000000, 0x00000000c0000000, 0x00000000cc0b0000)
  from space 24640K,  27% used [0x00000000cc0b0000, 0x00000000cc747650, 0x00000000cd8c0000)
  to   space 24640K,   0% used [0x00000000cd8c0000, 0x00000000cd8c0000, 0x00000000cf0d0000)
 tenured generation   total 493100K, used 488097K [0x00000000d5550000, 0x00000000f36db000, 0x0000000100000000)
   the space 493100K,  98% used [0x00000000d5550000, 0x00000000f31f8508, 0x00000000f31f8600, 0x00000000f36db000)
 Metaspace       used 93220K, capacity 102994K, committed 103296K, reserved 1138688K
  class space    used 12671K, capacity 13599K, committed 13696K, reserved 1048576K
}
Event: 158.809 GC heap before
{Heap before GC invocations=563 (full 18):
 def new generation   total 221952K, used 204061K [0x00000000c0000000, 0x00000000cf0d0000, 0x00000000d5550000)
  eden space 197312K, 100% used [0x00000000c0000000, 0x00000000cc0b0000, 0x00000000cc0b0000)
  from space 24640K,  27% used [0x00000000cc0b0000, 0x00000000cc747650, 0x00000000cd8c0000)
  to   space 24640K,   0% used [0x00000000cd8c0000, 0x00000000cd8c0000, 0x00000000cf0d0000)
 tenured generation   total 493100K, used 488097K [0x00000000d5550000, 0x00000000f36db000, 0x0000000100000000)
   the space 493100K,  98% used [0x00000000d5550000, 0x00000000f31f8508, 0x00000000f31f8600, 0x00000000f36db000)
 Metaspace       used 93220K, capacity 102994K, committed 103296K, reserved 1138688K
  class space    used 12671K, capacity 13599K, committed 13696K, reserved 1048576K
Event: 158.827 GC heap after
Heap after GC invocations=564 (full 18):
 def new generation   total 221952K, used 10889K [0x00000000c0000000, 0x00000000cf0d0000, 0x00000000d5550000)
  eden space 197312K,   0% used [0x00000000c0000000, 0x00000000c0000000, 0x00000000cc0b0000)
  from space 24640K,  44% used [0x00000000cd8c0000, 0x00000000ce362680, 0x00000000cf0d0000)
  to   space 24640K,   0% used [0x00000000cc0b0000, 0x00000000cc0b0000, 0x00000000cd8c0000)
 tenured generation   total 493100K, used 488097K [0x00000000d5550000, 0x00000000f36db000, 0x0000000100000000)
   the space 493100K,  98% used [0x00000000d5550000, 0x00000000f31f8508, 0x00000000f31f8600, 0x00000000f36db000)
 Metaspace       used 93220K, capacity 102994K, committed 103296K, reserved 1138688K
  class space    used 12671K, capacity 13599K, committed 13696K, reserved 1048576K
}
Event: 159.328 GC heap before
{Heap before GC invocations=564 (full 18):
 def new generation   total 221952K, used 208201K [0x00000000c0000000, 0x00000000cf0d0000, 0x00000000d5550000)
  eden space 197312K, 100% used [0x00000000c0000000, 0x00000000cc0b0000, 0x00000000cc0b0000)
  from space 24640K,  44% used [0x00000000cd8c0000, 0x00000000ce362680, 0x00000000cf0d0000)
  to   space 24640K,   0% used [0x00000000cc0b0000, 0x00000000cc0b0000, 0x00000000cd8c0000)
 tenured generation   total 493100K, used 488097K [0x00000000d5550000, 0x00000000f36db000, 0x0000000100000000)
   the space 493100K,  98% used [0x00000000d5550000, 0x00000000f31f8508, 0x00000000f31f8600, 0x00000000f36db000)
 Metaspace       used 93220K, capacity 102994K, committed 103296K, reserved 1138688K
  class space    used 12671K, capacity 13599K, committed 13696K, reserved 1048576K
Event: 159.336 GC heap after
Heap after GC invocations=565 (full 18):
 def new generation   total 221952K, used 10752K [0x00000000c0000000, 0x00000000cf0d0000, 0x00000000d5550000)
  eden space 197312K,   0% used [0x00000000c0000000, 0x00000000c0000000, 0x00000000cc0b0000)
  from space 24640K,  43% used [0x00000000cc0b0000, 0x00000000ccb30190, 0x00000000cd8c0000)
  to   space 24640K,   0% used [0x00000000cd8c0000, 0x00000000cd8c0000, 0x00000000cf0d0000)
 tenured generation   total 493100K, used 488097K [0x00000000d5550000, 0x00000000f36db000, 0x0000000100000000)
   the space 493100K,  98% used [0x00000000d5550000, 0x00000000f31f8508, 0x00000000f31f8600, 0x00000000f36db000)
 Metaspace       used 93220K, capacity 102994K, committed 103296K, reserved 1138688K
  class space    used 12671K, capacity 13599K, committed 13696K, reserved 1048576K
}
Event: 159.890 GC heap before
{Heap before GC invocations=565 (full 18):
 def new generation   total 221952K, used 208064K [0x00000000c0000000, 0x00000000cf0d0000, 0x00000000d5550000)
  eden space 197312K, 100% used [0x00000000c0000000, 0x00000000cc0b0000, 0x00000000cc0b0000)
  from space 24640K,  43% used [0x00000000cc0b0000, 0x00000000ccb30190, 0x00000000cd8c0000)
  to   space 24640K,   0% used [0x00000000cd8c0000, 0x00000000cd8c0000, 0x00000000cf0d0000)
 tenured generation   total 493100K, used 488097K [0x00000000d5550000, 0x00000000f36db000, 0x0000000100000000)
   the space 493100K,  98% used [0x00000000d5550000, 0x00000000f31f8508, 0x00000000f31f8600, 0x00000000f36db000)
 Metaspace       used 93220K, capacity 102994K, committed 103296K, reserved 1138688K
  class space    used 12671K, capacity 13599K, committed 13696K, reserved 1048576K
Event: 159.910 GC heap after
Heap after GC invocations=566 (full 18):
 def new generation   total 221952K, used 14859K [0x00000000c0000000, 0x00000000cf0d0000, 0x00000000d5550000)
  eden space 197312K,   0% used [0x00000000c0000000, 0x00000000c0000000, 0x00000000cc0b0000)
  from space 24640K,  60% used [0x00000000cd8c0000, 0x00000000ce742cd8, 0x00000000cf0d0000)
  to   space 24640K,   0% used [0x00000000cc0b0000, 0x00000000cc0b0000, 0x00000000cd8c0000)
 tenured generation   total 493100K, used 488097K [0x00000000d5550000, 0x00000000f36db000, 0x0000000100000000)
   the space 493100K,  98% used [0x00000000d5550000, 0x00000000f31f8508, 0x00000000f31f8600, 0x00000000f36db000)
 Metaspace       used 93220K, capacity 102994K, committed 103296K, reserved 1138688K
  class space    used 12671K, capacity 13599K, committed 13696K, reserved 1048576K
}
Event: 160.474 GC heap before
{Heap before GC invocations=566 (full 18):
 def new generation   total 221952K, used 212171K [0x00000000c0000000, 0x00000000cf0d0000, 0x00000000d5550000)
  eden space 197312K, 100% used [0x00000000c0000000, 0x00000000cc0b0000, 0x00000000cc0b0000)
  from space 24640K,  60% used [0x00000000cd8c0000, 0x00000000ce742cd8, 0x00000000cf0d0000)
  to   space 24640K,   0% used [0x00000000cc0b0000, 0x00000000cc0b0000, 0x00000000cd8c0000)
 tenured generation   total 493100K, used 488097K [0x00000000d5550000, 0x00000000f36db000, 0x0000000100000000)
   the space 493100K,  98% used [0x00000000d5550000, 0x00000000f31f8508, 0x00000000f31f8600, 0x00000000f36db000)
 Metaspace       used 93220K, capacity 102994K, committed 103296K, reserved 1138688K
  class space    used 12671K, capacity 13599K, committed 13696K, reserved 1048576K
Event: 160.510 GC heap after
Heap after GC invocations=567 (full 18):
 def new generation   total 221952K, used 15144K [0x00000000c0000000, 0x00000000cf0d0000, 0x00000000d5550000)
  eden space 197312K,   0% used [0x00000000c0000000, 0x00000000c0000000, 0x00000000cc0b0000)
  from space 24640K,  61% used [0x00000000cc0b0000, 0x00000000ccf7a2c0, 0x00000000cd8c0000)
  to   space 24640K,   0% used [0x00000000cd8c0000, 0x00000000cd8c0000, 0x00000000cf0d0000)
 tenured generation   total 493100K, used 492289K [0x00000000d5550000, 0x00000000f36db000, 0x0000000100000000)
   the space 493100K,  99% used [0x00000000d5550000, 0x00000000f36104b0, 0x00000000f3610600, 0x00000000f36db000)
 Metaspace       used 93220K, capacity 102994K, committed 103296K, reserved 1138688K
  class space    used 12671K, capacity 13599K, committed 13696K, reserved 1048576K
}
Event: 161.021 GC heap before
{Heap before GC invocations=567 (full 18):
 def new generation   total 221952K, used 212456K [0x00000000c0000000, 0x00000000cf0d0000, 0x00000000d5550000)
  eden space 197312K, 100% used [0x00000000c0000000, 0x00000000cc0b0000, 0x00000000cc0b0000)
  from space 24640K,  61% used [0x00000000cc0b0000, 0x00000000ccf7a2c0, 0x00000000cd8c0000)
  to   space 24640K,   0% used [0x00000000cd8c0000, 0x00000000cd8c0000, 0x00000000cf0d0000)
 tenured generation   total 493100K, used 492289K [0x00000000d5550000, 0x00000000f36db000, 0x0000000100000000)
   the space 493100K,  99% used [0x00000000d5550000, 0x00000000f36104b0, 0x00000000f3610600, 0x00000000f36db000)
 Metaspace       used 93220K, capacity 102994K, committed 103296K, reserved 1138688K
  class space    used 12671K, capacity 13599K, committed 13696K, reserved 1048576K

